<?xml version="1.0" encoding="UTF-8"?>
<testsuites name="Add to Cart" time="8.937" tests="1" failures="0" errors="0">
   <testsuite name="Add to Cart" tests="1" failures="0" errors="0" time="8.937" skipped="0" timestamp="01-09-2024T11:45:53" hostname="PC - DESKTOP-QCB13V0" id="Test Suites/Add to Cart">
      <properties>
         <property name="deviceName" value=""/>
         <property name="devicePlatform"/>
         <property name="logFolder" value="C:\\Users\\PC\\AppData\\Roaming\\SPB_Data\\git\\asm3-jpet\\Reports\\20240901_114549\\Add to Cart\\20240901_114550"/>
         <property name="logFiles" value="C:\\Users\\PC\\AppData\\Roaming\\SPB_Data\\git\\asm3-jpet\\Reports\\20240901_114549\\Add to Cart\\20240901_114550\\execution0.log"/>
         <property name="attachments" value=""/>
         <property name="hostName" value="PC - DESKTOP-QCB13V0"/>
         <property name="os" value="Windows 10 64bit"/>
         <property name="katalonVersion" value="9.6.0.217"/>
         <property name="browser" value="Chrome 128.0.0.0"/>
         <property name="hostAddress" value="192.168.1.109"/>
         <property name="sessionId" value="eafd0dda465bc747dd128dbe43d7a56c"/>
         <property name="seleniumVersion" value="3.141.59"/>
         <property name="proxyInformation" value="ProxyInformation { proxyOption=NO_PROXY, proxyServerType=HTTP, username=, password=********, proxyServerAddress=, proxyServerPort=0, executionList=&quot;&quot;, isApplyToDesiredCapabilities=true }"/>
         <property name="platform" value="Windows 10"/>
      </properties>
      <testcase name="Test Cases/Add to Cart" time="8.828" classname="Test Cases/Add to Cart" status="PASSED">
         <system-out><![CDATA[01-09-2024T11:45:53 - [TEST_CASE][PASSED] - Test Cases/Add to Cart: Test Cases/Add to Cart

01-09-2024T11:45:53 - [TEST_STEP][PASSED] - openBrowser(""): Browser is opened with url: ''

01-09-2024T11:45:54 - [MESSAGE][INFO] - Starting 'Chrome' driver

01-09-2024T11:45:54 - [MESSAGE][INFO] - Action delay is set to 0 milliseconds

01-09-2024T11:45:55 - [MESSAGE][PASSED] - Browser is opened with url: ''

01-09-2024T11:45:55 - [TEST_STEP][PASSED] - navigateToUrl("https://petstore.octoperf.com/"): Navigate to 'https://petstore.octoperf.com/' successfully

01-09-2024T11:45:56 - [MESSAGE][PASSED] - Navigate to 'https://petstore.octoperf.com/' successfully

01-09-2024T11:45:56 - [TEST_STEP][PASSED] - verifyElementPresent(findTestObject("Object Repository/Page_JPetStore Demo/h2_Welcome to JPetStore 6"), 0): Object 'Object Repository/Page_JPetStore Demo/h2_Welcome to JPetStore 6' is present

01-09-2024T11:45:56 - [MESSAGE][WARNING] - Timeout '0' is invalid. Using default page load timeout: '30'

01-09-2024T11:45:56 - [MESSAGE][PASSED] - Object 'Object Repository/Page_JPetStore Demo/h2_Welcome to JPetStore 6' is present

01-09-2024T11:45:56 - [TEST_STEP][PASSED] - click(findTestObject("Object Repository/Page_JPetStore Demo/a_Enter the Store")): Object: 'Object Repository/Page_JPetStore Demo/a_Enter the Store' is clicked on

01-09-2024T11:45:57 - [MESSAGE][PASSED] - Object: 'Object Repository/Page_JPetStore Demo/a_Enter the Store' is clicked on

01-09-2024T11:45:57 - [TEST_STEP][PASSED] - verifyElementPresent(findTestObject("Object Repository/Page_JPetStore Demo/img"), 0): Object 'Object Repository/Page_JPetStore Demo/img' is present

01-09-2024T11:45:57 - [MESSAGE][WARNING] - Timeout '0' is invalid. Using default page load timeout: '30'

01-09-2024T11:45:58 - [MESSAGE][PASSED] - Object 'Object Repository/Page_JPetStore Demo/img' is present

01-09-2024T11:45:58 - [TEST_STEP][PASSED] - click(findTestObject("Object Repository/Page_JPetStore Demo/img_1")): Object: 'Object Repository/Page_JPetStore Demo/img_1' is clicked on

01-09-2024T11:45:58 - [MESSAGE][PASSED] - Object: 'Object Repository/Page_JPetStore Demo/img_1' is clicked on

01-09-2024T11:45:58 - [TEST_STEP][PASSED] - click(findTestObject("Object Repository/Page_JPetStore Demo/div_FishProduct IDNameFI-SW-01AngelfishFI-S_1fe894")): Object: 'Object Repository/Page_JPetStore Demo/div_FishProduct IDNameFI-SW-01AngelfishFI-S_1fe894' is clicked on

01-09-2024T11:45:58 - [MESSAGE][PASSED] - Object: 'Object Repository/Page_JPetStore Demo/div_FishProduct IDNameFI-SW-01AngelfishFI-S_1fe894' is clicked on

01-09-2024T11:45:58 - [TEST_STEP][PASSED] - verifyElementPresent(findTestObject("Object Repository/Page_JPetStore Demo/div_FishProduct IDNameFI-SW-01AngelfishFI-S_1fe894"), 0): Object 'Object Repository/Page_JPetStore Demo/div_FishProduct IDNameFI-SW-01AngelfishFI-S_1fe894' is present

01-09-2024T11:45:58 - [MESSAGE][WARNING] - Timeout '0' is invalid. Using default page load timeout: '30'

01-09-2024T11:45:59 - [MESSAGE][PASSED] - Object 'Object Repository/Page_JPetStore Demo/div_FishProduct IDNameFI-SW-01AngelfishFI-S_1fe894' is present

01-09-2024T11:45:59 - [TEST_STEP][PASSED] - click(findTestObject("Object Repository/Page_JPetStore Demo/a_FI-SW-01")): Object: 'Object Repository/Page_JPetStore Demo/a_FI-SW-01' is clicked on

01-09-2024T11:45:59 - [MESSAGE][PASSED] - Object: 'Object Repository/Page_JPetStore Demo/a_FI-SW-01' is clicked on

01-09-2024T11:45:59 - [TEST_STEP][PASSED] - verifyElementPresent(findTestObject("Object Repository/Page_JPetStore Demo/div_AngelfishItem IDProduct IDDescriptionLi_4c213d"), 0): Object 'Object Repository/Page_JPetStore Demo/div_AngelfishItem IDProduct IDDescriptionLi_4c213d' is present

01-09-2024T11:45:59 - [MESSAGE][WARNING] - Timeout '0' is invalid. Using default page load timeout: '30'

01-09-2024T11:45:59 - [MESSAGE][PASSED] - Object 'Object Repository/Page_JPetStore Demo/div_AngelfishItem IDProduct IDDescriptionLi_4c213d' is present

01-09-2024T11:45:59 - [TEST_STEP][PASSED] - click(findTestObject("Object Repository/Page_JPetStore Demo/a_EST-1")): Object: 'Object Repository/Page_JPetStore Demo/a_EST-1' is clicked on

01-09-2024T11:46:00 - [MESSAGE][PASSED] - Object: 'Object Repository/Page_JPetStore Demo/a_EST-1' is clicked on

01-09-2024T11:46:00 - [TEST_STEP][PASSED] - verifyElementPresent(findTestObject("Object Repository/Page_JPetStore Demo/img_1_2"), 0): Object 'Object Repository/Page_JPetStore Demo/img_1_2' is present

01-09-2024T11:46:00 - [MESSAGE][WARNING] - Timeout '0' is invalid. Using default page load timeout: '30'

01-09-2024T11:46:00 - [MESSAGE][PASSED] - Object 'Object Repository/Page_JPetStore Demo/img_1_2' is present

01-09-2024T11:46:00 - [TEST_STEP][PASSED] - verifyElementClickable(findTestObject("Object Repository/Page_JPetStore Demo/a_Add to Cart")): Object 'Object Repository/Page_JPetStore Demo/a_Add to Cart' is clickable

01-09-2024T11:46:01 - [MESSAGE][PASSED] - Object 'Object Repository/Page_JPetStore Demo/a_Add to Cart' is clickable

01-09-2024T11:46:01 - [TEST_STEP][PASSED] - click(findTestObject("Object Repository/Page_JPetStore Demo/a_Add to Cart")): Object: 'Object Repository/Page_JPetStore Demo/a_Add to Cart' is clicked on

01-09-2024T11:46:01 - [MESSAGE][PASSED] - Object: 'Object Repository/Page_JPetStore Demo/a_Add to Cart' is clicked on

01-09-2024T11:46:01 - [TEST_STEP][PASSED] - verifyElementPresent(findTestObject("Object Repository/Page_JPetStore Demo/div_Shopping CartItem IDProduct IDDescripti_f30008"), 0): Object 'Object Repository/Page_JPetStore Demo/div_Shopping CartItem IDProduct IDDescripti_f30008' is present

01-09-2024T11:46:01 - [MESSAGE][WARNING] - Timeout '0' is invalid. Using default page load timeout: '30'

01-09-2024T11:46:01 - [MESSAGE][PASSED] - Object 'Object Repository/Page_JPetStore Demo/div_Shopping CartItem IDProduct IDDescripti_f30008' is present

01-09-2024T11:46:01 - [TEST_STEP][PASSED] - verifyElementPresent(findTestObject("Object Repository/Page_JPetStore Demo/td_FI-SW-01"), 0): Object 'Object Repository/Page_JPetStore Demo/td_FI-SW-01' is present

01-09-2024T11:46:01 - [MESSAGE][WARNING] - Timeout '0' is invalid. Using default page load timeout: '30'

01-09-2024T11:46:02 - [MESSAGE][PASSED] - Object 'Object Repository/Page_JPetStore Demo/td_FI-SW-01' is present

01-09-2024T11:46:02 - [TEST_STEP][PASSED] - verifyElementPresent(findTestObject("Object Repository/Page_JPetStore Demo/td_EST-1"), 0): Object 'Object Repository/Page_JPetStore Demo/td_EST-1' is present

01-09-2024T11:46:02 - [MESSAGE][WARNING] - Timeout '0' is invalid. Using default page load timeout: '30'

01-09-2024T11:46:02 - [MESSAGE][PASSED] - Object 'Object Repository/Page_JPetStore Demo/td_EST-1' is present

01-09-2024T11:46:02 - [TEST_STEP][PASSED] - closeBrowser(): Browser is closed

01-09-2024T11:46:02 - [MESSAGE][PASSED] - Browser is closed]]></system-out>
         <system-err><![CDATA[]]></system-err>
      </testcase>
      <system-out><![CDATA[01-09-2024T11:45:53 - [TEST_SUITE][PASSED] - Add to Cart: Test Cases/Add to Cart]]></system-out>
      <system-err><![CDATA[]]></system-err>
   </testsuite>
</testsuites>
