<?xml version="1.0" encoding="UTF-8"?>
<testsuites name="Sign Up" time="125.399" tests="1" failures="0" errors="0">
   <testsuite name="Sign Up" tests="1" failures="0" errors="0" time="125.399" skipped="0" timestamp="01-09-2024T23:03:54" hostname="maichieuthuy - localhost" id="Test Suites/Sign Up">
      <properties>
         <property name="deviceName" value=""/>
         <property name="devicePlatform"/>
         <property name="logFolder" value="/Users/maichieuthuy/Katalon Studio/asm3-jpet/Reports/20240901_230351/Sign Up/20240901_230352"/>
         <property name="logFiles" value="/Users/maichieuthuy/Katalon Studio/asm3-jpet/Reports/20240901_230351/Sign Up/20240901_230352/execution0.log"/>
         <property name="attachments" value=""/>
         <property name="hostName" value="maichieuthuy - localhost"/>
         <property name="os" value="Mac OS X 64bit"/>
         <property name="katalonVersion" value="9.6.0.217"/>
         <property name="browser" value="Chrome 128.0.0.0"/>
         <property name="hostAddress" value="127.0.0.1"/>
         <property name="sessionId" value="cb58a0a07b1b959b870368b4450687f8"/>
         <property name="seleniumVersion" value="3.141.59"/>
         <property name="proxyInformation" value="ProxyInformation { proxyOption=NO_PROXY, proxyServerType=HTTP, username=, password=********, proxyServerAddress=, proxyServerPort=0, executionList=&quot;&quot;, isApplyToDesiredCapabilities=true }"/>
         <property name="platform" value="Mac OS X"/>
      </properties>
      <testcase name="Test Cases/Sign Up" time="125.337" classname="Test Cases/Sign Up" status="PASSED">
         <system-out><![CDATA[01-09-2024T23:03:54 - [TEST_CASE][PASSED] - Test Cases/Sign Up: Test Cases/Sign Up

01-09-2024T23:03:54 - [TEST_STEP][PASSED] - openBrowser(""): Browser is opened with url: ''

01-09-2024T23:03:54 - [MESSAGE][INFO] - Starting 'Chrome' driver

01-09-2024T23:03:54 - [MESSAGE][INFO] - Action delay is set to 0 milliseconds

01-09-2024T23:03:56 - [MESSAGE][PASSED] - Browser is opened with url: ''

01-09-2024T23:03:56 - [TEST_STEP][PASSED] - navigateToUrl("https://petstore.octoperf.com/"): Navigate to 'https://petstore.octoperf.com/' successfully

01-09-2024T23:03:57 - [MESSAGE][PASSED] - Navigate to 'https://petstore.octoperf.com/' successfully

01-09-2024T23:03:57 - [TEST_STEP][PASSED] - click(findTestObject("Object Repository/Page_JPetStore Demo/a_Enter the Store")): Object: 'Object Repository/Page_JPetStore Demo/a_Enter the Store' is clicked on

01-09-2024T23:03:58 - [MESSAGE][PASSED] - Object: 'Object Repository/Page_JPetStore Demo/a_Enter the Store' is clicked on

01-09-2024T23:03:58 - [TEST_STEP][PASSED] - click(findTestObject("Object Repository/Page_JPetStore Demo/a_Sign In")): Object: 'Object Repository/Page_JPetStore Demo/a_Sign In' is clicked on

01-09-2024T23:03:59 - [MESSAGE][PASSED] - Object: 'Object Repository/Page_JPetStore Demo/a_Sign In' is clicked on

01-09-2024T23:03:59 - [TEST_STEP][PASSED] - click(findTestObject("Object Repository/Page_JPetStore Demo/a_Register Now")): Object: 'Object Repository/Page_JPetStore Demo/a_Register Now' is clicked on

01-09-2024T23:04:00 - [MESSAGE][PASSED] - Object: 'Object Repository/Page_JPetStore Demo/a_Register Now' is clicked on

01-09-2024T23:04:00 - [TEST_STEP][PASSED] - setText(findTestObject("Object Repository/Page_JPetStore Demo/input_User ID_username"), "kaka"): Text 'kaka' is set on object 'Object Repository/Page_JPetStore Demo/input_User ID_username'

01-09-2024T23:04:32 - [MESSAGE][INFO] - Unable to find the element located by 'By.xpath: //input[@id='stripes-1383474214']'. Please recheck the objects properties to make sure the desired element is located. 

01-09-2024T23:04:32 - [MESSAGE][WARNING] - [SELF-HEALING] Failed to find element with id 'Object Repository/Page_JPetStore Demo/input_User ID_username'. Try using Self-healing.

01-09-2024T23:04:34 - [MESSAGE][WARNING] - [SELF-HEALING] The current locator of test object 'Object Repository/Page_JPetStore Demo/input_User ID_username' was broken. Propose an alternative one: '//div[@id='Catalog']/form/table/tbody/tr/td[2]/input'.

01-09-2024T23:05:06 - [MESSAGE][INFO] - Unable to find the element located by 'By.xpath: //input[@id='stripes-1383474214']'. Please recheck the objects properties to make sure the desired element is located. 

01-09-2024T23:05:06 - [MESSAGE][WARNING] - [SELF-HEALING] Failed to find element with id 'Object Repository/Page_JPetStore Demo/input_User ID_username'. Try using Self-healing.

01-09-2024T23:05:08 - [MESSAGE][WARNING] - [SELF-HEALING] The current locator of test object 'Object Repository/Page_JPetStore Demo/input_User ID_username' was broken. Propose an alternative one: '//div[@id='Catalog']/form/table/tbody/tr/td[2]/input'.

01-09-2024T23:05:08 - [MESSAGE][PASSED] - Text 'kaka' is set on object 'Object Repository/Page_JPetStore Demo/input_User ID_username'

01-09-2024T23:05:08 - [TEST_STEP][PASSED] - setText(findTestObject("Object Repository/Page_JPetStore Demo/input_New password_password"), "12345"): Text '12345' is set on object 'Object Repository/Page_JPetStore Demo/input_New password_password'

01-09-2024T23:05:12 - [MESSAGE][PASSED] - Text '12345' is set on object 'Object Repository/Page_JPetStore Demo/input_New password_password'

01-09-2024T23:05:12 - [TEST_STEP][PASSED] - setText(findTestObject("Object Repository/Page_JPetStore Demo/input_Repeat password_repeatedPassword"), "12345"): Text '12345' is set on object 'Object Repository/Page_JPetStore Demo/input_Repeat password_repeatedPassword'

01-09-2024T23:05:16 - [MESSAGE][PASSED] - Text '12345' is set on object 'Object Repository/Page_JPetStore Demo/input_Repeat password_repeatedPassword'

01-09-2024T23:05:16 - [TEST_STEP][PASSED] - setText(findTestObject("Object Repository/Page_JPetStore Demo/input_First name_account.firstName"), "kaka"): Text 'kaka' is set on object 'Object Repository/Page_JPetStore Demo/input_First name_account.firstName'

01-09-2024T23:05:20 - [MESSAGE][PASSED] - Text 'kaka' is set on object 'Object Repository/Page_JPetStore Demo/input_First name_account.firstName'

01-09-2024T23:05:20 - [TEST_STEP][PASSED] - setText(findTestObject("Object Repository/Page_JPetStore Demo/input_Last name_account.lastName"), "kaka"): Text 'kaka' is set on object 'Object Repository/Page_JPetStore Demo/input_Last name_account.lastName'

01-09-2024T23:05:24 - [MESSAGE][PASSED] - Text 'kaka' is set on object 'Object Repository/Page_JPetStore Demo/input_Last name_account.lastName'

01-09-2024T23:05:24 - [TEST_STEP][PASSED] - setText(findTestObject("Object Repository/Page_JPetStore Demo/input_Email_account.email"), "kaka12@gmail.com"): Text 'kaka12@gmail.com' is set on object 'Object Repository/Page_JPetStore Demo/input_Email_account.email'

01-09-2024T23:05:28 - [MESSAGE][PASSED] - Text 'kaka12@gmail.com' is set on object 'Object Repository/Page_JPetStore Demo/input_Email_account.email'

01-09-2024T23:05:28 - [TEST_STEP][PASSED] - setText(findTestObject("Object Repository/Page_JPetStore Demo/input_Phone_account.phone"), "12345"): Text '12345' is set on object 'Object Repository/Page_JPetStore Demo/input_Phone_account.phone'

01-09-2024T23:05:32 - [MESSAGE][PASSED] - Text '12345' is set on object 'Object Repository/Page_JPetStore Demo/input_Phone_account.phone'

01-09-2024T23:05:32 - [TEST_STEP][PASSED] - setText(findTestObject("Object Repository/Page_JPetStore Demo/input_Address 1_account.address1"), "12 abc"): Text '12 abc' is set on object 'Object Repository/Page_JPetStore Demo/input_Address 1_account.address1'

01-09-2024T23:05:36 - [MESSAGE][PASSED] - Text '12 abc' is set on object 'Object Repository/Page_JPetStore Demo/input_Address 1_account.address1'

01-09-2024T23:05:36 - [TEST_STEP][PASSED] - setText(findTestObject("Object Repository/Page_JPetStore Demo/input_Address 2_account.address2"), "12 abc "): Text '12 abc ' is set on object 'Object Repository/Page_JPetStore Demo/input_Address 2_account.address2'

01-09-2024T23:05:40 - [MESSAGE][PASSED] - Text '12 abc ' is set on object 'Object Repository/Page_JPetStore Demo/input_Address 2_account.address2'

01-09-2024T23:05:40 - [TEST_STEP][PASSED] - setText(findTestObject("Object Repository/Page_JPetStore Demo/input_City_account.city"), "abc"): Text 'abc' is set on object 'Object Repository/Page_JPetStore Demo/input_City_account.city'

01-09-2024T23:05:44 - [MESSAGE][PASSED] - Text 'abc' is set on object 'Object Repository/Page_JPetStore Demo/input_City_account.city'

01-09-2024T23:05:44 - [TEST_STEP][PASSED] - setText(findTestObject("Object Repository/Page_JPetStore Demo/input_State_account.state"), "abc"): Text 'abc' is set on object 'Object Repository/Page_JPetStore Demo/input_State_account.state'

01-09-2024T23:05:48 - [MESSAGE][PASSED] - Text 'abc' is set on object 'Object Repository/Page_JPetStore Demo/input_State_account.state'

01-09-2024T23:05:48 - [TEST_STEP][PASSED] - setText(findTestObject("Object Repository/Page_JPetStore Demo/input_Zip_account.zip"), "50"): Text '50' is set on object 'Object Repository/Page_JPetStore Demo/input_Zip_account.zip'

01-09-2024T23:05:52 - [MESSAGE][PASSED] - Text '50' is set on object 'Object Repository/Page_JPetStore Demo/input_Zip_account.zip'

01-09-2024T23:05:52 - [TEST_STEP][PASSED] - setText(findTestObject("Object Repository/Page_JPetStore Demo/input_Country_account.country"), "vietnam"): Text 'vietnam' is set on object 'Object Repository/Page_JPetStore Demo/input_Country_account.country'

01-09-2024T23:05:56 - [MESSAGE][PASSED] - Text 'vietnam' is set on object 'Object Repository/Page_JPetStore Demo/input_Country_account.country'

01-09-2024T23:05:56 - [TEST_STEP][PASSED] - click(findTestObject("Object Repository/Page_JPetStore Demo/input_Enable MyBanner_newAccount")): Object: 'Object Repository/Page_JPetStore Demo/input_Enable MyBanner_newAccount' is clicked on

01-09-2024T23:05:59 - [MESSAGE][PASSED] - Object: 'Object Repository/Page_JPetStore Demo/input_Enable MyBanner_newAccount' is clicked on

01-09-2024T23:05:59 - [TEST_STEP][PASSED] - closeBrowser(): Browser is closed

01-09-2024T23:05:59 - [MESSAGE][PASSED] - Browser is closed]]></system-out>
         <system-err><![CDATA[]]></system-err>
      </testcase>
      <system-out><![CDATA[01-09-2024T23:03:54 - [TEST_SUITE][PASSED] - Sign Up: Test Cases/Sign Up]]></system-out>
      <system-err><![CDATA[]]></system-err>
   </testsuite>
</testsuites>
