<?xml version="1.0" encoding="UTF-8"?>
<testsuites name="Update The Quantity Of The Product In Cart" time="11.54" tests="1" failures="0" errors="0">
   <testsuite name="Update The Quantity Of The Product In Cart" tests="1" failures="0" errors="0" time="11.54" skipped="0" timestamp="17-09-2024T15:57:55" hostname="PC - DESKTOP-QCB13V0" id="Test Suites/Add To Cart/Update The Quantity Of The Product In Cart">
      <properties>
         <property name="deviceName" value=""/>
         <property name="devicePlatform"/>
         <property name="logFolder" value="C:\\Users\\PC\\AppData\\Roaming\\SPB_Data\\git\\asm3-jpet\\Reports\\20240917_155751\\Add To Cart\\Update The Quantity Of The Product In Cart\\20240917_155752"/>
         <property name="logFiles" value="C:\\Users\\PC\\AppData\\Roaming\\SPB_Data\\git\\asm3-jpet\\Reports\\20240917_155751\\Add To Cart\\Update The Quantity Of The Product In Cart\\20240917_155752\\execution0.log"/>
         <property name="attachments" value=""/>
         <property name="hostName" value="PC - DESKTOP-QCB13V0"/>
         <property name="os" value="Windows 10 64bit"/>
         <property name="katalonVersion" value="9.6.0.217"/>
         <property name="browser" value="Chrome 128.0.0.0"/>
         <property name="hostAddress" value="192.168.1.109"/>
         <property name="sessionId" value="a4d625d020859fb28c1f27d135424125"/>
         <property name="seleniumVersion" value="3.141.59"/>
         <property name="proxyInformation" value="ProxyInformation { proxyOption=NO_PROXY, proxyServerType=HTTP, username=, password=********, proxyServerAddress=, proxyServerPort=0, executionList=&quot;&quot;, isApplyToDesiredCapabilities=true }"/>
         <property name="platform" value="Windows 10"/>
      </properties>
      <testcase name="Test Cases/Add To Cart/Update The Quantity Of The Product In Cart" time="11.43" classname="Test Cases/Add To Cart/Update The Quantity Of The Product In Cart" status="PASSED">
         <system-out><![CDATA[17-09-2024T15:57:55 - [TEST_CASE][PASSED] - Test Cases/Add To Cart/Update The Quantity Of The Product In Cart: Test Cases/Add To Cart/Update The Quantity Of The Product In Cart

17-09-2024T15:57:55 - [TEST_STEP][PASSED] - openBrowser(""): Browser is opened with url: ''

17-09-2024T15:57:56 - [MESSAGE][INFO] - Starting 'Chrome' driver

17-09-2024T15:57:56 - [MESSAGE][INFO] - Action delay is set to 0 milliseconds

17-09-2024T15:57:57 - [MESSAGE][PASSED] - Browser is opened with url: ''

17-09-2024T15:57:57 - [TEST_STEP][PASSED] - navigateToUrl("https://petstore.octoperf.com/"): Navigate to 'https://petstore.octoperf.com/' successfully

17-09-2024T15:57:58 - [MESSAGE][PASSED] - Navigate to 'https://petstore.octoperf.com/' successfully

17-09-2024T15:57:58 - [TEST_STEP][PASSED] - verifyElementVisible(findTestObject("Object Repository/Add To Cart/Update The Quantity Of The Product In Cart/a_Enter the Store")): Object 'Object Repository/Add To Cart/Update The Quantity Of The Product In Cart/a_Enter the Store' is visible

17-09-2024T15:57:58 - [MESSAGE][PASSED] - Object 'Object Repository/Add To Cart/Update The Quantity Of The Product In Cart/a_Enter the Store' is visible

17-09-2024T15:57:58 - [TEST_STEP][PASSED] - click(findTestObject("Object Repository/Add To Cart/Update The Quantity Of The Product In Cart/a_Enter the Store")): Object: 'Object Repository/Add To Cart/Update The Quantity Of The Product In Cart/a_Enter the Store' is clicked on

17-09-2024T15:57:59 - [MESSAGE][PASSED] - Object: 'Object Repository/Add To Cart/Update The Quantity Of The Product In Cart/a_Enter the Store' is clicked on

17-09-2024T15:57:59 - [TEST_STEP][PASSED] - verifyElementVisible(findTestObject("Object Repository/Add To Cart/Update The Quantity Of The Product In Cart/img")): Object 'Object Repository/Add To Cart/Update The Quantity Of The Product In Cart/img' is visible

17-09-2024T15:58:00 - [MESSAGE][PASSED] - Object 'Object Repository/Add To Cart/Update The Quantity Of The Product In Cart/img' is visible

17-09-2024T15:58:00 - [TEST_STEP][PASSED] - click(findTestObject("Object Repository/Add To Cart/Update The Quantity Of The Product In Cart/img")): Object: 'Object Repository/Add To Cart/Update The Quantity Of The Product In Cart/img' is clicked on

17-09-2024T15:58:00 - [MESSAGE][PASSED] - Object: 'Object Repository/Add To Cart/Update The Quantity Of The Product In Cart/img' is clicked on

17-09-2024T15:58:00 - [TEST_STEP][PASSED] - verifyElementVisible(findTestObject("Object Repository/Add To Cart/Update The Quantity Of The Product In Cart/a_FI-SW-01")): Object 'Object Repository/Add To Cart/Update The Quantity Of The Product In Cart/a_FI-SW-01' is visible

17-09-2024T15:58:00 - [MESSAGE][PASSED] - Object 'Object Repository/Add To Cart/Update The Quantity Of The Product In Cart/a_FI-SW-01' is visible

17-09-2024T15:58:00 - [TEST_STEP][PASSED] - click(findTestObject("Object Repository/Add To Cart/Update The Quantity Of The Product In Cart/a_FI-SW-01")): Object: 'Object Repository/Add To Cart/Update The Quantity Of The Product In Cart/a_FI-SW-01' is clicked on

17-09-2024T15:58:01 - [MESSAGE][PASSED] - Object: 'Object Repository/Add To Cart/Update The Quantity Of The Product In Cart/a_FI-SW-01' is clicked on

17-09-2024T15:58:01 - [TEST_STEP][PASSED] - verifyElementVisible(findTestObject("Object Repository/Add To Cart/Update The Quantity Of The Product In Cart/a_Add to Cart")): Object 'Object Repository/Add To Cart/Update The Quantity Of The Product In Cart/a_Add to Cart' is visible

17-09-2024T15:58:01 - [MESSAGE][PASSED] - Object 'Object Repository/Add To Cart/Update The Quantity Of The Product In Cart/a_Add to Cart' is visible

17-09-2024T15:58:01 - [TEST_STEP][PASSED] - click(findTestObject("Object Repository/Add To Cart/Update The Quantity Of The Product In Cart/a_Add to Cart")): Object: 'Object Repository/Add To Cart/Update The Quantity Of The Product In Cart/a_Add to Cart' is clicked on

17-09-2024T15:58:02 - [MESSAGE][PASSED] - Object: 'Object Repository/Add To Cart/Update The Quantity Of The Product In Cart/a_Add to Cart' is clicked on

17-09-2024T15:58:02 - [TEST_STEP][PASSED] - verifyElementVisible(findTestObject("Object Repository/Add To Cart/Update The Quantity Of The Product In Cart/a_EST-1")): Object 'Object Repository/Add To Cart/Update The Quantity Of The Product In Cart/a_EST-1' is visible

17-09-2024T15:58:02 - [MESSAGE][PASSED] - Object 'Object Repository/Add To Cart/Update The Quantity Of The Product In Cart/a_EST-1' is visible

17-09-2024T15:58:02 - [TEST_STEP][PASSED] - itemId = getText(findTestObject("Object Repository/Add To Cart/Update The Quantity Of The Product In Cart/a_EST-1")): Text of object 'Object Repository/Add To Cart/Update The Quantity Of The Product In Cart/a_EST-1' is: 'EST-1'

17-09-2024T15:58:02 - [MESSAGE][PASSED] - Text of object 'Object Repository/Add To Cart/Update The Quantity Of The Product In Cart/a_EST-1' is: 'EST-1'

17-09-2024T15:58:02 - [TEST_STEP][PASSED] - assert itemId == "EST-1": null

17-09-2024T15:58:02 - [TEST_STEP][PASSED] - verifyElementVisible(findTestObject("Object Repository/Add To Cart/Update The Quantity Of The Product In Cart/td_FI-SW-01")): Object 'Object Repository/Add To Cart/Update The Quantity Of The Product In Cart/td_FI-SW-01' is visible

17-09-2024T15:58:02 - [MESSAGE][PASSED] - Object 'Object Repository/Add To Cart/Update The Quantity Of The Product In Cart/td_FI-SW-01' is visible

17-09-2024T15:58:02 - [TEST_STEP][PASSED] - productId = getText(findTestObject("Object Repository/Add To Cart/Update The Quantity Of The Product In Cart/td_FI-SW-01")): Text of object 'Object Repository/Add To Cart/Update The Quantity Of The Product In Cart/td_FI-SW-01' is: 'FI-SW-01'

17-09-2024T15:58:03 - [MESSAGE][PASSED] - Text of object 'Object Repository/Add To Cart/Update The Quantity Of The Product In Cart/td_FI-SW-01' is: 'FI-SW-01'

17-09-2024T15:58:03 - [TEST_STEP][PASSED] - assert productId == "FI-SW-01": null

17-09-2024T15:58:03 - [TEST_STEP][PASSED] - verifyElementVisible(findTestObject("Object Repository/Add To Cart/Update The Quantity Of The Product In Cart/input_false_EST-1")): Object 'Object Repository/Add To Cart/Update The Quantity Of The Product In Cart/input_false_EST-1' is visible

17-09-2024T15:58:03 - [MESSAGE][PASSED] - Object 'Object Repository/Add To Cart/Update The Quantity Of The Product In Cart/input_false_EST-1' is visible

17-09-2024T15:58:03 - [TEST_STEP][PASSED] - quantityInput = findTestObject("Object Repository/Add To Cart/Update The Quantity Of The Product In Cart/input_false_EST-1"): null

17-09-2024T15:58:03 - [TEST_STEP][PASSED] - if (quantityInput != null): null

17-09-2024T15:58:03 - [TEST_STEP][PASSED] - quantity = getAttribute(quantityInput, "value"): Attribute 'value' of object 'Object Repository/Add To Cart/Update The Quantity Of The Product In Cart/input_false_EST-1' is: '1'

17-09-2024T15:58:03 - [MESSAGE][PASSED] - Attribute 'value' of object 'Object Repository/Add To Cart/Update The Quantity Of The Product In Cart/input_false_EST-1' is: '1'

17-09-2024T15:58:03 - [TEST_STEP][PASSED] - assert quantity == "1": null

17-09-2024T15:58:03 - [TEST_STEP][PASSED] - verifyElementVisible(findTestObject("Object Repository/Add To Cart/Update The Quantity Of The Product In Cart/td_16.50")): Object 'Object Repository/Add To Cart/Update The Quantity Of The Product In Cart/td_16.50' is visible

17-09-2024T15:58:03 - [MESSAGE][PASSED] - Object 'Object Repository/Add To Cart/Update The Quantity Of The Product In Cart/td_16.50' is visible

17-09-2024T15:58:03 - [TEST_STEP][PASSED] - totalCost = getText(findTestObject("Object Repository/Add To Cart/Update The Quantity Of The Product In Cart/td_16.50")): Text of object 'Object Repository/Add To Cart/Update The Quantity Of The Product In Cart/td_16.50' is: '$16.50'

17-09-2024T15:58:04 - [MESSAGE][PASSED] - Text of object 'Object Repository/Add To Cart/Update The Quantity Of The Product In Cart/td_16.50' is: '$16.50'

17-09-2024T15:58:04 - [TEST_STEP][PASSED] - assert totalCost == "$16.50": null

17-09-2024T15:58:04 - [TEST_STEP][PASSED] - setText(findTestObject("Object Repository/Add To Cart/Update The Quantity Of The Product In Cart/input_false_EST-1"), "3"): Text '3' is set on object 'Object Repository/Add To Cart/Update The Quantity Of The Product In Cart/input_false_EST-1'

17-09-2024T15:58:04 - [MESSAGE][PASSED] - Text '3' is set on object 'Object Repository/Add To Cart/Update The Quantity Of The Product In Cart/input_false_EST-1'

17-09-2024T15:58:04 - [TEST_STEP][PASSED] - click(findTestObject("Object Repository/Add To Cart/Update The Quantity Of The Product In Cart/input_Sub Total 16.50_updateCartQuantities")): Object: 'Object Repository/Add To Cart/Update The Quantity Of The Product In Cart/input_Sub Total 16.50_updateCartQuantities' is clicked on

17-09-2024T15:58:05 - [MESSAGE][PASSED] - Object: 'Object Repository/Add To Cart/Update The Quantity Of The Product In Cart/input_Sub Total 16.50_updateCartQuantities' is clicked on

17-09-2024T15:58:05 - [TEST_STEP][PASSED] - verifyElementVisible(findTestObject("Object Repository/Add To Cart/Update The Quantity Of The Product In Cart/a_EST-1")): Object 'Object Repository/Add To Cart/Update The Quantity Of The Product In Cart/a_EST-1' is visible

17-09-2024T15:58:05 - [MESSAGE][PASSED] - Object 'Object Repository/Add To Cart/Update The Quantity Of The Product In Cart/a_EST-1' is visible

17-09-2024T15:58:05 - [TEST_STEP][PASSED] - itemId = getText(findTestObject("Object Repository/Add To Cart/Update The Quantity Of The Product In Cart/a_EST-1")): Text of object 'Object Repository/Add To Cart/Update The Quantity Of The Product In Cart/a_EST-1' is: 'EST-1'

17-09-2024T15:58:05 - [MESSAGE][PASSED] - Text of object 'Object Repository/Add To Cart/Update The Quantity Of The Product In Cart/a_EST-1' is: 'EST-1'

17-09-2024T15:58:05 - [TEST_STEP][PASSED] - assert itemId == "EST-1": null

17-09-2024T15:58:05 - [TEST_STEP][PASSED] - verifyElementVisible(findTestObject("Object Repository/Add To Cart/Update The Quantity Of The Product In Cart/td_FI-SW-01")): Object 'Object Repository/Add To Cart/Update The Quantity Of The Product In Cart/td_FI-SW-01' is visible

17-09-2024T15:58:05 - [MESSAGE][PASSED] - Object 'Object Repository/Add To Cart/Update The Quantity Of The Product In Cart/td_FI-SW-01' is visible

17-09-2024T15:58:05 - [TEST_STEP][PASSED] - productId = getText(findTestObject("Object Repository/Add To Cart/Update The Quantity Of The Product In Cart/td_FI-SW-01")): Text of object 'Object Repository/Add To Cart/Update The Quantity Of The Product In Cart/td_FI-SW-01' is: 'FI-SW-01'

17-09-2024T15:58:06 - [MESSAGE][PASSED] - Text of object 'Object Repository/Add To Cart/Update The Quantity Of The Product In Cart/td_FI-SW-01' is: 'FI-SW-01'

17-09-2024T15:58:06 - [TEST_STEP][PASSED] - assert productId == "FI-SW-01": null

17-09-2024T15:58:06 - [TEST_STEP][PASSED] - verifyElementVisible(findTestObject("Object Repository/Add To Cart/Update The Quantity Of The Product In Cart/input_false_EST-1")): Object 'Object Repository/Add To Cart/Update The Quantity Of The Product In Cart/input_false_EST-1' is visible

17-09-2024T15:58:06 - [MESSAGE][PASSED] - Object 'Object Repository/Add To Cart/Update The Quantity Of The Product In Cart/input_false_EST-1' is visible

17-09-2024T15:58:06 - [TEST_STEP][PASSED] - quantityInput = findTestObject("Object Repository/Add To Cart/Update The Quantity Of The Product In Cart/input_false_EST-1"): null

17-09-2024T15:58:06 - [TEST_STEP][PASSED] - if (quantityInput != null): null

17-09-2024T15:58:06 - [TEST_STEP][PASSED] - quantity = getAttribute(quantityInput, "value"): Attribute 'value' of object 'Object Repository/Add To Cart/Update The Quantity Of The Product In Cart/input_false_EST-1' is: '3'

17-09-2024T15:58:06 - [MESSAGE][PASSED] - Attribute 'value' of object 'Object Repository/Add To Cart/Update The Quantity Of The Product In Cart/input_false_EST-1' is: '3'

17-09-2024T15:58:06 - [TEST_STEP][PASSED] - assert quantity == "3": null

17-09-2024T15:58:06 - [TEST_STEP][PASSED] - verifyElementVisible(findTestObject("Object Repository/Add To Cart/Update The Quantity Of The Product In Cart/td_49.50")): Object 'Object Repository/Add To Cart/Update The Quantity Of The Product In Cart/td_49.50' is visible

17-09-2024T15:58:06 - [MESSAGE][PASSED] - Object 'Object Repository/Add To Cart/Update The Quantity Of The Product In Cart/td_49.50' is visible

17-09-2024T15:58:06 - [TEST_STEP][PASSED] - totalCost = getText(findTestObject("Object Repository/Add To Cart/Update The Quantity Of The Product In Cart/td_49.50")): Text of object 'Object Repository/Add To Cart/Update The Quantity Of The Product In Cart/td_49.50' is: '$49.50'

17-09-2024T15:58:06 - [MESSAGE][PASSED] - Text of object 'Object Repository/Add To Cart/Update The Quantity Of The Product In Cart/td_49.50' is: '$49.50'

17-09-2024T15:58:06 - [TEST_STEP][PASSED] - assert totalCost == "$49.50": null

17-09-2024T15:58:06 - [TEST_STEP][PASSED] - closeBrowser(): Browser is closed

17-09-2024T15:58:07 - [MESSAGE][PASSED] - Browser is closed]]></system-out>
         <system-err><![CDATA[]]></system-err>
      </testcase>
      <system-out><![CDATA[17-09-2024T15:57:55 - [TEST_SUITE][PASSED] - Update The Quantity Of The Product In Cart: Test Cases/Add To Cart/Update The Quantity Of The Product In Cart]]></system-out>
      <system-err><![CDATA[]]></system-err>
   </testsuite>
</testsuites>
